дек. 15, 2022 10:37:09 PM task3 main
INFO: Запуск пузырька
дек. 15, 2022 10:38:43 PM task3 main
INFO: Запуск пузырька
дек. 15, 2022 10:39:18 PM task3 main
INFO: Запуск пузырька
дек. 15, 2022 10:43:03 PM task3 main
INFO: Запуск пузырька
дек. 15, 2022 10:43:08 PM task3 main
INFO: Создание массива [20, 20, 21, 22, 15, 19, 5, 11, 22, 4, 4, 3, 19, 16, 7, 21, 16, 11, 22, 9, 13, 8]
дек. 15, 2022 11:56:53 PM task3 main
INFO: Запуск пузырька
дек. 15, 2022 11:56:56 PM task3 main
INFO: Создание массива [10, 10, 9, 10, 1, 11, 8, 4, 7, 6, 4]
дек. 15, 2022 11:59:09 PM task3 main
INFO: Запуск пузырька
дек. 15, 2022 11:59:12 PM task3 main
INFO: Создание массива [8, 6, 9, 1, 2, 3, 7, 4, 11, 8, 4]
дек. 16, 2022 12:08:01 AM task3 main
INFO: Запуск пузырька
дек. 16, 2022 12:08:05 AM task3 main
INFO: Создание массива [6, 10, 2, 5, 9, 2, 1, 1, 3, 4]
дек. 16, 2022 12:10:59 AM task3 main
INFO: Запуск пузырька
дек. 16, 2022 12:11:03 AM task3 main
INFO: Создание массива [9, 10, 9, 1, 10, 5, 4, 5, 4, 4]
дек. 16, 2022 12:18:56 AM task3 main
INFO: Запуск пузырька
дек. 16, 2022 12:18:58 AM task3 main
INFO: Создание массива [7, 3, 5, 6, 4, 1, 2, 8, 6, 1]
дек. 16, 2022 12:19:41 AM task3 main
INFO: Запуск пузырька
дек. 16, 2022 12:19:44 AM task3 main
INFO: Создание массива [10, 6, 3, 10, 2, 1, 10, 6, 3, 7]
дек. 16, 2022 12:19:55 AM task3 main
INFO: Запуск пузырька
дек. 16, 2022 12:19:58 AM task3 main
INFO: Создание массива [4, 14, 7, 4, 16, 2, 19, 8, 6, 16, 3, 12, 10, 13, 21, 21, 1, 7, 17, 21, 20, 12]
дек. 16, 2022 12:25:20 AM task3 main
INFO: Запуск пузырька
дек. 16, 2022 12:25:23 AM task3 main
INFO: Создание массива [4, 1, 3, 5, 6, 3, 1, 3, 1, 7]
дек. 16, 2022 12:25:23 AM task3 main
INFO: Переставляем местами элементы 0 и 1
дек. 16, 2022 12:25:23 AM task3 main
INFO: Переставляем местами элементы 1 и 3
дек. 16, 2022 12:25:23 AM task3 main
INFO: Переставляем местами элементы 3 и 3
дек. 16, 2022 12:25:23 AM task3 main
INFO: Переставляем местами элементы 3 и 1
дек. 16, 2022 12:25:23 AM task3 main
INFO: Переставляем местами элементы 1 и 3
дек. 16, 2022 12:25:23 AM task3 main
INFO: Переставляем местами элементы 3 и 1
дек. 16, 2022 12:25:23 AM task3 main
INFO: Переставляем местами элементы 1 и 3
дек. 16, 2022 12:25:23 AM task3 main
INFO: Переставляем местами элементы 3 и 1
дек. 16, 2022 12:25:23 AM task3 main
INFO: Переставляем местами элементы 1 и 3
дек. 16, 2022 12:25:23 AM task3 main
INFO: Переставляем местами элементы 3 и 1
дек. 16, 2022 12:25:23 AM task3 main
INFO: Переставляем местами элементы 1 и 3
дек. 16, 2022 12:25:23 AM task3 main
INFO: Переставляем местами элементы 3 и 1
дек. 16, 2022 12:25:23 AM task3 main
INFO: Переставляем местами элементы 1 и 3
дек. 16, 2022 12:25:23 AM task3 main
INFO: Переставляем местами элементы 3 и 1
дек. 16, 2022 12:25:23 AM task3 main
INFO: Переставляем местами элементы 1 и 1
дек. 16, 2022 12:25:23 AM task3 main
INFO: Переставляем местами элементы 1 и 1
дек. 16, 2022 12:25:23 AM task3 main
INFO: Переставляем местами элементы 1 и 1
дек. 16, 2022 12:25:23 AM task3 main
INFO: Переставляем местами элементы 1 и 1
дек. 16, 2022 12:25:23 AM task3 main
INFO: Переставляем местами элементы 1 и 1
дек. 16, 2022 12:28:09 AM task3 main
INFO: Запуск пузырька
дек. 16, 2022 12:28:15 AM task3 main
INFO: Создание массива [7, 5, 5, 5, 4, 9, 12, 10, 3, 3, 12, 13, 13, 2, 12]
дек. 16, 2022 12:28:15 AM task3 main
INFO: Переставляем местами элементы 0 и 5
дек. 16, 2022 12:28:15 AM task3 main
INFO: Переставляем местами элементы 5 и 5
дек. 16, 2022 12:28:15 AM task3 main
INFO: Переставляем местами элементы 5 и 5
дек. 16, 2022 12:28:15 AM task3 main
INFO: Переставляем местами элементы 5 и 4
дек. 16, 2022 12:28:15 AM task3 main
INFO: Переставляем местами элементы 4 и a
дек. 16, 2022 12:28:15 AM task3 main
INFO: Переставляем местами элементы a и 3
дек. 16, 2022 12:28:15 AM task3 main
INFO: Переставляем местами элементы 3 и 3
дек. 16, 2022 12:28:15 AM task3 main
INFO: Переставляем местами элементы 3 и 2
дек. 16, 2022 12:28:15 AM task3 main
INFO: Переставляем местами элементы 2 и c
дек. 16, 2022 12:28:15 AM task3 main
INFO: Переставляем местами элементы c и 4
дек. 16, 2022 12:28:15 AM task3 main
INFO: Переставляем местами элементы 4 и 3
дек. 16, 2022 12:28:15 AM task3 main
INFO: Переставляем местами элементы 3 и 3
дек. 16, 2022 12:28:15 AM task3 main
INFO: Переставляем местами элементы 3 и 2
дек. 16, 2022 12:28:15 AM task3 main
INFO: Переставляем местами элементы 2 и c
дек. 16, 2022 12:28:15 AM task3 main
INFO: Переставляем местами элементы c и 4
дек. 16, 2022 12:28:15 AM task3 main
INFO: Переставляем местами элементы 4 и 3
дек. 16, 2022 12:28:15 AM task3 main
INFO: Переставляем местами элементы 3 и 3
дек. 16, 2022 12:28:15 AM task3 main
INFO: Переставляем местами элементы 3 и 2
дек. 16, 2022 12:28:15 AM task3 main
INFO: Переставляем местами элементы 2 и 4
дек. 16, 2022 12:28:15 AM task3 main
INFO: Переставляем местами элементы 4 и 3
дек. 16, 2022 12:28:15 AM task3 main
INFO: Переставляем местами элементы 3 и 3
дек. 16, 2022 12:28:15 AM task3 main
INFO: Переставляем местами элементы 3 и 2
дек. 16, 2022 12:28:15 AM task3 main
INFO: Переставляем местами элементы 2 и 3
дек. 16, 2022 12:28:15 AM task3 main
INFO: Переставляем местами элементы 3 и 3
дек. 16, 2022 12:28:15 AM task3 main
INFO: Переставляем местами элементы 3 и 2
дек. 16, 2022 12:28:15 AM task3 main
INFO: Переставляем местами элементы 2 и 3
дек. 16, 2022 12:28:15 AM task3 main
INFO: Переставляем местами элементы 3 и 3
дек. 16, 2022 12:28:15 AM task3 main
INFO: Переставляем местами элементы 3 и 2
дек. 16, 2022 12:28:15 AM task3 main
INFO: Переставляем местами элементы 2 и 3
дек. 16, 2022 12:28:15 AM task3 main
INFO: Переставляем местами элементы 3 и 3
дек. 16, 2022 12:28:15 AM task3 main
INFO: Переставляем местами элементы 3 и 2
дек. 16, 2022 12:28:15 AM task3 main
INFO: Переставляем местами элементы 2 и 3
дек. 16, 2022 12:28:15 AM task3 main
INFO: Переставляем местами элементы 3 и 3
дек. 16, 2022 12:28:15 AM task3 main
INFO: Переставляем местами элементы 3 и 2
дек. 16, 2022 12:28:15 AM task3 main
INFO: Переставляем местами элементы 2 и 2
дек. 16, 2022 12:28:15 AM task3 main
INFO: Переставляем местами элементы 2 и 2
дек. 16, 2022 12:28:15 AM task3 main
INFO: Переставляем местами элементы 2 и 2
дек. 16, 2022 12:28:15 AM task3 main
INFO: Переставляем местами элементы 2 и 2
дек. 16, 2022 12:28:15 AM task3 main
INFO: Переставляем местами элементы 2 и 2
дек. 16, 2022 12:38:17 AM task3 main
INFO: Запуск пузырька
дек. 16, 2022 12:38:20 AM task3 main
INFO: Создание массива [2, 6, 8, 9, 2, 4, 6, 8, 7, 9]
дек. 16, 2022 12:38:20 AM task3 main
INFO: Переставляем местами элементы 0 и 2
дек. 16, 2022 12:38:20 AM task3 main
INFO: Переставляем местами элементы 2 и 4
дек. 16, 2022 12:38:20 AM task3 main
INFO: Переставляем местами элементы 4 и 6
дек. 16, 2022 12:38:20 AM task3 main
INFO: Переставляем местами элементы 6 и 8
дек. 16, 2022 12:38:20 AM task3 main
INFO: Переставляем местами элементы 8 и 7
дек. 16, 2022 12:38:20 AM task3 main
INFO: Переставляем местами элементы 7 и 2
дек. 16, 2022 12:38:20 AM task3 main
INFO: Переставляем местами элементы 2 и 4
дек. 16, 2022 12:38:20 AM task3 main
INFO: Переставляем местами элементы 4 и 6
дек. 16, 2022 12:38:20 AM task3 main
INFO: Переставляем местами элементы 6 и 7
дек. 16, 2022 12:38:20 AM task3 main
INFO: Переставляем местами элементы 7 и 2
дек. 16, 2022 12:38:20 AM task3 main
INFO: Переставляем местами элементы 2 и 4
дек. 16, 2022 12:38:20 AM task3 main
INFO: Переставляем местами элементы 4 и 7
дек. 16, 2022 12:38:20 AM task3 main
INFO: Вывод результата [2, 2, 4, 6, 6, 7, 8, 8, 9, 9]
дек. 16, 2022 12:39:09 AM task3 main
INFO: Запуск пузырька
дек. 16, 2022 12:39:15 AM task3 main
INFO: Создание массива [4, 9, 2, 7, 8, 1, 2, 2, 8, 3]
дек. 16, 2022 12:39:15 AM task3 main
INFO: Переставляем местами элементы 0 и 2
дек. 16, 2022 12:39:15 AM task3 main
INFO: Переставляем местами элементы 2 и 7
дек. 16, 2022 12:39:15 AM task3 main
INFO: Переставляем местами элементы 7 и 8
дек. 16, 2022 12:39:15 AM task3 main
INFO: Переставляем местами элементы 8 и 1
дек. 16, 2022 12:39:15 AM task3 main
INFO: Переставляем местами элементы 1 и 2
дек. 16, 2022 12:39:15 AM task3 main
INFO: Переставляем местами элементы 2 и 2
дек. 16, 2022 12:39:15 AM task3 main
INFO: Переставляем местами элементы 2 и 8
дек. 16, 2022 12:39:15 AM task3 main
INFO: Переставляем местами элементы 8 и 3
дек. 16, 2022 12:39:15 AM task3 main
INFO: Переставляем местами элементы 3 и 2
дек. 16, 2022 12:39:15 AM task3 main
INFO: Переставляем местами элементы 2 и 1
дек. 16, 2022 12:39:15 AM task3 main
INFO: Переставляем местами элементы 1 и 2
дек. 16, 2022 12:39:15 AM task3 main
INFO: Переставляем местами элементы 2 и 2
дек. 16, 2022 12:39:15 AM task3 main
INFO: Переставляем местами элементы 2 и 3
дек. 16, 2022 12:39:15 AM task3 main
INFO: Переставляем местами элементы 3 и 1
дек. 16, 2022 12:39:15 AM task3 main
INFO: Переставляем местами элементы 1 и 2
дек. 16, 2022 12:39:15 AM task3 main
INFO: Переставляем местами элементы 2 и 2
дек. 16, 2022 12:39:15 AM task3 main
INFO: Переставляем местами элементы 2 и 3
дек. 16, 2022 12:39:15 AM task3 main
INFO: Переставляем местами элементы 3 и 1
дек. 16, 2022 12:39:15 AM task3 main
INFO: Переставляем местами элементы 1 и 2
дек. 16, 2022 12:39:15 AM task3 main
INFO: Переставляем местами элементы 2 и 2
дек. 16, 2022 12:39:15 AM task3 main
INFO: Переставляем местами элементы 2 и 3
дек. 16, 2022 12:39:15 AM task3 main
INFO: Переставляем местами элементы 3 и 1
дек. 16, 2022 12:39:15 AM task3 main
INFO: Переставляем местами элементы 1 и 3
дек. 16, 2022 12:39:15 AM task3 main
INFO: Вывод результата [1, 2, 2, 2, 3, 4, 7, 8, 8, 9]
дек. 16, 2022 12:39:19 AM task3 main
INFO: Запуск пузырька
дек. 16, 2022 12:39:22 AM task3 main
INFO: Создание массива [5, 5, 8, 9, 8, 1, 5, 1, 1, 2]
дек. 16, 2022 12:41:05 AM task3 main
INFO: Переставляем местами элементы 0 и 8
дек. 16, 2022 12:41:05 AM task3 main
INFO: Переставляем местами элементы 8 и 1
дек. 16, 2022 12:41:05 AM task3 main
INFO: Переставляем местами элементы 1 и 5
дек. 16, 2022 12:41:05 AM task3 main
INFO: Переставляем местами элементы 5 и 1
дек. 16, 2022 12:41:05 AM task3 main
INFO: Переставляем местами элементы 1 и 1
дек. 16, 2022 12:41:05 AM task3 main
INFO: Переставляем местами элементы 1 и 2
дек. 16, 2022 12:41:05 AM task3 main
INFO: Переставляем местами элементы 2 и 1
дек. 16, 2022 12:41:05 AM task3 main
INFO: Переставляем местами элементы 1 и 5
дек. 16, 2022 12:41:05 AM task3 main
INFO: Переставляем местами элементы 5 и 1
дек. 16, 2022 12:41:05 AM task3 main
INFO: Переставляем местами элементы 1 и 1
дек. 16, 2022 12:41:05 AM task3 main
INFO: Переставляем местами элементы 1 и 2
дек. 16, 2022 12:41:05 AM task3 main
INFO: Переставляем местами элементы 2 и 1
дек. 16, 2022 12:41:05 AM task3 main
INFO: Переставляем местами элементы 1 и 5
дек. 16, 2022 12:41:05 AM task3 main
INFO: Переставляем местами элементы 5 и 1
дек. 16, 2022 12:41:05 AM task3 main
INFO: Переставляем местами элементы 1 и 1
дек. 16, 2022 12:41:05 AM task3 main
INFO: Переставляем местами элементы 1 и 2
дек. 16, 2022 12:41:05 AM task3 main
INFO: Переставляем местами элементы 2 и 1
дек. 16, 2022 12:41:05 AM task3 main
INFO: Переставляем местами элементы 1 и 1
дек. 16, 2022 12:41:05 AM task3 main
INFO: Переставляем местами элементы 1 и 1
дек. 16, 2022 12:41:05 AM task3 main
INFO: Переставляем местами элементы 1 и 2
дек. 16, 2022 12:41:05 AM task3 main
INFO: Переставляем местами элементы 2 и 1
дек. 16, 2022 12:41:05 AM task3 main
INFO: Переставляем местами элементы 1 и 1
дек. 16, 2022 12:41:05 AM task3 main
INFO: Переставляем местами элементы 1 и 1
дек. 16, 2022 12:41:05 AM task3 main
INFO: Переставляем местами элементы 1 и 2
дек. 16, 2022 12:41:05 AM task3 main
INFO: Переставляем местами элементы 2 и 1
дек. 16, 2022 12:41:05 AM task3 main
INFO: Переставляем местами элементы 1 и 1
дек. 16, 2022 12:41:05 AM task3 main
INFO: Переставляем местами элементы 1 и 2
дек. 16, 2022 12:41:05 AM task3 main
INFO: Вывод результата [1, 1, 1, 2, 5, 5, 5, 8, 8, 9]
дек. 16, 2022 12:42:04 AM task3 main
INFO: Запуск пузырька
дек. 16, 2022 12:42:08 AM task3 main
INFO: Создание массива [5, 10, 1, 8, 9, 9, 5, 6, 10, 10]
дек. 16, 2022 12:43:21 AM task3 main
INFO: Переставляем местами элементы 1 и 10
дек. 16, 2022 12:44:03 AM task3 main
INFO: Переставляем местами элементы 8 и 10
дек. 16, 2022 12:44:13 AM task3 main
INFO: Переставляем местами элементы 9 и 10
дек. 16, 2022 12:44:30 AM task3 main
INFO: Переставляем местами элементы 9 и 10
дек. 16, 2022 12:44:33 AM task3 main
INFO: Переставляем местами элементы 5 и 10
дек. 16, 2022 12:44:36 AM task3 main
INFO: Переставляем местами элементы 6 и 10
дек. 16, 2022 12:44:48 AM task3 main
INFO: Переставляем местами элементы 1 и 5
дек. 16, 2022 12:44:52 AM task3 main
INFO: Переставляем местами элементы 5 и 9
дек. 16, 2022 12:44:54 AM task3 main
INFO: Переставляем местами элементы 6 и 9
дек. 16, 2022 12:44:59 AM task3 main
INFO: Переставляем местами элементы 5 и 9
дек. 16, 2022 12:45:03 AM task3 main
INFO: Переставляем местами элементы 6 и 9
дек. 16, 2022 12:45:03 AM task3 main
INFO: Переставляем местами элементы 5 и 8
дек. 16, 2022 12:45:03 AM task3 main
INFO: Переставляем местами элементы 6 и 8
дек. 16, 2022 12:45:03 AM task3 main
INFO: Вывод результата [1, 5, 5, 6, 8, 9, 9, 10, 10, 10]
дек. 16, 2022 12:45:04 AM task3 main
INFO: Запуск пузырька
дек. 16, 2022 12:45:12 AM task3 main
INFO: Создание массива [7, 7, 6, 9, 4, 10, 10, 2, 6, 10]
дек. 16, 2022 12:45:12 AM task3 main
INFO: Переставляем местами элементы 6 и 7
дек. 16, 2022 12:45:12 AM task3 main
INFO: Переставляем местами элементы 4 и 9
дек. 16, 2022 12:45:12 AM task3 main
INFO: Переставляем местами элементы 2 и 10
дек. 16, 2022 12:45:12 AM task3 main
INFO: Переставляем местами элементы 6 и 10
дек. 16, 2022 12:45:12 AM task3 main
INFO: Переставляем местами элементы 6 и 7
дек. 16, 2022 12:45:12 AM task3 main
INFO: Переставляем местами элементы 4 и 7
дек. 16, 2022 12:45:12 AM task3 main
INFO: Переставляем местами элементы 2 и 10
дек. 16, 2022 12:45:12 AM task3 main
INFO: Переставляем местами элементы 6 и 10
дек. 16, 2022 12:45:12 AM task3 main
INFO: Переставляем местами элементы 4 и 7
дек. 16, 2022 12:45:12 AM task3 main
INFO: Переставляем местами элементы 2 и 9
дек. 16, 2022 12:45:12 AM task3 main
INFO: Переставляем местами элементы 6 и 9
дек. 16, 2022 12:45:12 AM task3 main
INFO: Переставляем местами элементы 4 и 6
дек. 16, 2022 12:45:12 AM task3 main
INFO: Переставляем местами элементы 2 и 7
дек. 16, 2022 12:45:12 AM task3 main
INFO: Переставляем местами элементы 6 и 7
дек. 16, 2022 12:45:12 AM task3 main
INFO: Переставляем местами элементы 2 и 7
дек. 16, 2022 12:45:12 AM task3 main
INFO: Переставляем местами элементы 6 и 7
дек. 16, 2022 12:45:12 AM task3 main
INFO: Переставляем местами элементы 2 и 6
дек. 16, 2022 12:45:12 AM task3 main
INFO: Переставляем местами элементы 2 и 4
дек. 16, 2022 12:45:12 AM task3 main
INFO: Вывод результата [2, 4, 6, 6, 7, 7, 9, 10, 10, 10]
дек. 16, 2022 7:34:39 AM task3 main
INFO: Запуск пузырька
дек. 16, 2022 7:34:42 AM task3 main
INFO: Создание массива [4, 10, 9, 3, 3, 4, 6, 4, 3, 6]
дек. 16, 2022 7:34:42 AM task3 main
INFO: Переставляем местами элементы 9 и 10
дек. 16, 2022 7:34:42 AM task3 main
INFO: Переставляем местами элементы 3 и 10
дек. 16, 2022 7:34:42 AM task3 main
INFO: Переставляем местами элементы 3 и 10
дек. 16, 2022 7:34:42 AM task3 main
INFO: Переставляем местами элементы 4 и 10
дек. 16, 2022 7:34:42 AM task3 main
INFO: Переставляем местами элементы 6 и 10
дек. 16, 2022 7:34:42 AM task3 main
INFO: Переставляем местами элементы 4 и 10
дек. 16, 2022 7:34:42 AM task3 main
INFO: Переставляем местами элементы 3 и 10
дек. 16, 2022 7:34:42 AM task3 main
INFO: Переставляем местами элементы 6 и 10
дек. 16, 2022 7:34:42 AM task3 main
INFO: Переставляем местами элементы 3 и 9
дек. 16, 2022 7:34:42 AM task3 main
INFO: Переставляем местами элементы 3 и 9
дек. 16, 2022 7:34:42 AM task3 main
INFO: Переставляем местами элементы 4 и 9
дек. 16, 2022 7:34:42 AM task3 main
INFO: Переставляем местами элементы 6 и 9
дек. 16, 2022 7:34:42 AM task3 main
INFO: Переставляем местами элементы 4 и 9
дек. 16, 2022 7:34:42 AM task3 main
INFO: Переставляем местами элементы 3 и 9
дек. 16, 2022 7:34:42 AM task3 main
INFO: Переставляем местами элементы 6 и 9
дек. 16, 2022 7:34:42 AM task3 main
INFO: Переставляем местами элементы 3 и 4
дек. 16, 2022 7:34:42 AM task3 main
INFO: Переставляем местами элементы 3 и 4
дек. 16, 2022 7:34:42 AM task3 main
INFO: Переставляем местами элементы 4 и 6
дек. 16, 2022 7:34:42 AM task3 main
INFO: Переставляем местами элементы 3 и 6
дек. 16, 2022 7:34:42 AM task3 main
INFO: Переставляем местами элементы 3 и 4
дек. 16, 2022 7:34:42 AM task3 main
INFO: Переставляем местами элементы 3 и 4
дек. 16, 2022 7:34:42 AM task3 main
INFO: Переставляем местами элементы 3 и 4
дек. 16, 2022 7:34:42 AM task3 main
INFO: Вывод результата [3, 3, 3, 4, 4, 4, 6, 6, 9, 10]
дек. 16, 2022 7:37:37 AM task3 main
INFO: Запуск пузырька
дек. 16, 2022 7:37:44 AM task3 main
INFO: Создание массива [6, 7, 2, 8, 10, 6, 10, 2, 6, 10]
дек. 16, 2022 7:37:44 AM task3 main
INFO: Переставляем местами элементы 2 и 7
дек. 16, 2022 7:37:44 AM task3 main
INFO: Переставляем местами элементы 6 и 10
дек. 16, 2022 7:37:44 AM task3 main
INFO: Переставляем местами элементы 2 и 10
дек. 16, 2022 7:37:44 AM task3 main
INFO: Переставляем местами элементы 6 и 10
дек. 16, 2022 7:37:44 AM task3 main
INFO: Переставляем местами элементы 2 и 6
дек. 16, 2022 7:37:44 AM task3 main
INFO: Переставляем местами элементы 6 и 8
дек. 16, 2022 7:37:44 AM task3 main
INFO: Переставляем местами элементы 2 и 10
дек. 16, 2022 7:37:44 AM task3 main
INFO: Переставляем местами элементы 6 и 10
дек. 16, 2022 7:37:44 AM task3 main
INFO: Переставляем местами элементы 6 и 7
дек. 16, 2022 7:37:44 AM task3 main
INFO: Переставляем местами элементы 2 и 8
дек. 16, 2022 7:37:44 AM task3 main
INFO: Переставляем местами элементы 6 и 8
дек. 16, 2022 7:37:44 AM task3 main
INFO: Переставляем местами элементы 2 и 7
дек. 16, 2022 7:37:44 AM task3 main
INFO: Переставляем местами элементы 6 и 7
дек. 16, 2022 7:37:44 AM task3 main
INFO: Переставляем местами элементы 2 и 6
дек. 16, 2022 7:37:44 AM task3 main
INFO: Переставляем местами элементы 2 и 6
дек. 16, 2022 7:37:44 AM task3 main
INFO: Вывод результата [2, 2, 6, 6, 6, 7, 8, 10, 10, 10]
дек. 16, 2022 7:38:35 AM task3 main
INFO: Запуск пузырька
дек. 16, 2022 7:38:39 AM task3 main
INFO: Создание массива [9, 4, 1, 2, 5, 3, 6, 7, 3, 6]
дек. 16, 2022 7:38:39 AM task3 main
INFO: Переставляем местами элементы 9 и 4
дек. 16, 2022 7:38:39 AM task3 main
INFO: Переставляем местами элементы 9 и 1
дек. 16, 2022 7:38:39 AM task3 main
INFO: Переставляем местами элементы 9 и 2
дек. 16, 2022 7:38:39 AM task3 main
INFO: Переставляем местами элементы 9 и 5
дек. 16, 2022 7:38:39 AM task3 main
INFO: Переставляем местами элементы 9 и 3
дек. 16, 2022 7:38:39 AM task3 main
INFO: Переставляем местами элементы 9 и 6
дек. 16, 2022 7:38:39 AM task3 main
INFO: Переставляем местами элементы 9 и 7
дек. 16, 2022 7:38:39 AM task3 main
INFO: Переставляем местами элементы 9 и 3
дек. 16, 2022 7:38:39 AM task3 main
INFO: Переставляем местами элементы 9 и 6
дек. 16, 2022 7:38:39 AM task3 main
INFO: Переставляем местами элементы 4 и 1
дек. 16, 2022 7:38:39 AM task3 main
INFO: Переставляем местами элементы 4 и 2
дек. 16, 2022 7:38:39 AM task3 main
INFO: Переставляем местами элементы 5 и 3
дек. 16, 2022 7:38:39 AM task3 main
INFO: Переставляем местами элементы 7 и 3
дек. 16, 2022 7:38:39 AM task3 main
INFO: Переставляем местами элементы 7 и 6
дек. 16, 2022 7:38:39 AM task3 main
INFO: Переставляем местами элементы 4 и 3
дек. 16, 2022 7:38:39 AM task3 main
INFO: Переставляем местами элементы 6 и 3
дек. 16, 2022 7:38:39 AM task3 main
INFO: Переставляем местами элементы 5 и 3
дек. 16, 2022 7:38:39 AM task3 main
INFO: Переставляем местами элементы 4 и 3
дек. 16, 2022 7:38:39 AM task3 main
INFO: Вывод результата [1, 2, 3, 3, 4, 5, 6, 6, 7, 9]
дек. 16, 2022 7:41:25 AM task3 main
INFO: Запуск пузырька
дек. 16, 2022 7:41:28 AM task3 main
INFO: Создание массива [9, 7, 3, 6, 2, 8, 3, 9, 10, 7]
дек. 16, 2022 7:41:28 AM task3 main
INFO: Переставляем местами элементы 9 и 7
дек. 16, 2022 7:41:28 AM task3 main
INFO: Результат перестановки [7, 9, 3, 6, 2, 8, 3, 9, 10, 7]
дек. 16, 2022 7:41:28 AM task3 main
INFO: Переставляем местами элементы 9 и 3
дек. 16, 2022 7:41:28 AM task3 main
INFO: Результат перестановки [7, 3, 9, 6, 2, 8, 3, 9, 10, 7]
дек. 16, 2022 7:41:28 AM task3 main
INFO: Переставляем местами элементы 9 и 6
дек. 16, 2022 7:41:28 AM task3 main
INFO: Результат перестановки [7, 3, 6, 9, 2, 8, 3, 9, 10, 7]
дек. 16, 2022 7:41:28 AM task3 main
INFO: Переставляем местами элементы 9 и 2
дек. 16, 2022 7:41:28 AM task3 main
INFO: Результат перестановки [7, 3, 6, 2, 9, 8, 3, 9, 10, 7]
дек. 16, 2022 7:41:28 AM task3 main
INFO: Переставляем местами элементы 9 и 8
дек. 16, 2022 7:41:28 AM task3 main
INFO: Результат перестановки [7, 3, 6, 2, 8, 9, 3, 9, 10, 7]
дек. 16, 2022 7:41:28 AM task3 main
INFO: Переставляем местами элементы 9 и 3
дек. 16, 2022 7:41:28 AM task3 main
INFO: Результат перестановки [7, 3, 6, 2, 8, 3, 9, 9, 10, 7]
дек. 16, 2022 7:41:28 AM task3 main
INFO: Переставляем местами элементы 10 и 7
дек. 16, 2022 7:41:28 AM task3 main
INFO: Результат перестановки [7, 3, 6, 2, 8, 3, 9, 9, 7, 10]
дек. 16, 2022 7:41:28 AM task3 main
INFO: Переставляем местами элементы 7 и 3
дек. 16, 2022 7:41:28 AM task3 main
INFO: Результат перестановки [3, 7, 6, 2, 8, 3, 9, 9, 7, 10]
дек. 16, 2022 7:41:28 AM task3 main
INFO: Переставляем местами элементы 7 и 6
дек. 16, 2022 7:41:28 AM task3 main
INFO: Результат перестановки [3, 6, 7, 2, 8, 3, 9, 9, 7, 10]
дек. 16, 2022 7:41:28 AM task3 main
INFO: Переставляем местами элементы 7 и 2
дек. 16, 2022 7:41:28 AM task3 main
INFO: Результат перестановки [3, 6, 2, 7, 8, 3, 9, 9, 7, 10]
дек. 16, 2022 7:41:28 AM task3 main
INFO: Переставляем местами элементы 8 и 3
дек. 16, 2022 7:41:28 AM task3 main
INFO: Результат перестановки [3, 6, 2, 7, 3, 8, 9, 9, 7, 10]
дек. 16, 2022 7:41:28 AM task3 main
INFO: Переставляем местами элементы 9 и 7
дек. 16, 2022 7:41:28 AM task3 main
INFO: Результат перестановки [3, 6, 2, 7, 3, 8, 9, 7, 9, 10]
дек. 16, 2022 7:41:28 AM task3 main
INFO: Переставляем местами элементы 6 и 2
дек. 16, 2022 7:41:28 AM task3 main
INFO: Результат перестановки [3, 2, 6, 7, 3, 8, 9, 7, 9, 10]
дек. 16, 2022 7:41:28 AM task3 main
INFO: Переставляем местами элементы 7 и 3
дек. 16, 2022 7:41:28 AM task3 main
INFO: Результат перестановки [3, 2, 6, 3, 7, 8, 9, 7, 9, 10]
дек. 16, 2022 7:41:28 AM task3 main
INFO: Переставляем местами элементы 9 и 7
дек. 16, 2022 7:41:28 AM task3 main
INFO: Результат перестановки [3, 2, 6, 3, 7, 8, 7, 9, 9, 10]
дек. 16, 2022 7:41:28 AM task3 main
INFO: Переставляем местами элементы 3 и 2
дек. 16, 2022 7:41:28 AM task3 main
INFO: Результат перестановки [2, 3, 6, 3, 7, 8, 7, 9, 9, 10]
дек. 16, 2022 7:41:28 AM task3 main
INFO: Переставляем местами элементы 6 и 3
дек. 16, 2022 7:41:28 AM task3 main
INFO: Результат перестановки [2, 3, 3, 6, 7, 8, 7, 9, 9, 10]
дек. 16, 2022 7:41:28 AM task3 main
INFO: Переставляем местами элементы 8 и 7
дек. 16, 2022 7:41:28 AM task3 main
INFO: Результат перестановки [2, 3, 3, 6, 7, 7, 8, 9, 9, 10]
дек. 16, 2022 7:41:28 AM task3 main
INFO: Вывод результата [2, 3, 3, 6, 7, 7, 8, 9, 9, 10]
дек. 16, 2022 9:35:47 PM task3 main
INFO: Запуск пузырька
дек. 17, 2022 9:54:52 AM task2 main
INFO: Запуск пузырька
дек. 17, 2022 10:00:23 AM task2 main
INFO: Запуск пузырька
дек. 17, 2022 10:04:57 AM task2 main
INFO: Запуск пузырька
дек. 17, 2022 11:12:59 AM task3 main
INFO: Запуск пузырька
дек. 17, 2022 11:13:03 AM task3 main
INFO: Создание массива [3, 1, 2, 3]
дек. 17, 2022 11:13:03 AM task3 main
INFO: Переставляем местами элементы 3 и 1
дек. 17, 2022 11:13:03 AM task3 main
INFO: Результат перестановки [1, 3, 2, 3]
дек. 17, 2022 11:13:03 AM task3 main
INFO: Переставляем местами элементы 3 и 2
дек. 17, 2022 11:13:03 AM task3 main
INFO: Результат перестановки [1, 2, 3, 3]
дек. 17, 2022 11:13:03 AM task3 main
INFO: Вывод результата [1, 2, 3, 3]
