дек. 15, 2022 8:51:14 PM task4 main
WARNING: Тестовое логирование
дек. 15, 2022 8:51:14 PM task4 main
INFO: Тестовое логирование
дек. 15, 2022 8:51:26 PM task4 main
WARNING: Ввели выражение
дек. 15, 2022 8:54:30 PM task4 main
WARNING: Тестовое логирование
дек. 15, 2022 8:54:30 PM task4 main
INFO: Тестовое логирование
дек. 15, 2022 8:54:43 PM task4 main
WARNING: Ввели выражение
дек. 15, 2022 8:54:45 PM task4 main
WARNING: Ввели выражение
дек. 15, 2022 8:56:12 PM task4 main
WARNING: Тестовое логирование
дек. 15, 2022 8:56:12 PM task4 main
INFO: Тестовое логирование
дек. 15, 2022 8:56:19 PM task4 main
WARNING: Ввели выражение1 + 12
дек. 15, 2022 8:56:47 PM task4 main
WARNING: Ввели выражение0
дек. 15, 2022 9:04:23 PM task4 main
INFO: Запуск калькулятора
дек. 15, 2022 9:04:34 PM task4 main
WARNING: Ввели выражение 11 + 12
дек. 15, 2022 9:04:34 PM task4 main
WARNING: результат 23.0
дек. 15, 2022 9:04:43 PM task4 main
WARNING: Ввели выражение 11 - 12
дек. 15, 2022 9:04:43 PM task4 main
WARNING: результат -1.0
дек. 15, 2022 9:04:48 PM task4 main
WARNING: Ввели выражение 11 * 12
дек. 15, 2022 9:04:48 PM task4 main
WARNING: результат 132.0
дек. 15, 2022 9:04:56 PM task4 main
WARNING: Ввели выражение 11 / 12
дек. 15, 2022 9:04:56 PM task4 main
WARNING: результат 0.9166666666666666
дек. 15, 2022 9:04:58 PM task4 main
WARNING: Ввели выражение 0
дек. 15, 2022 9:08:02 PM task4 main
INFO: Запуск калькулятора
дек. 15, 2022 9:08:10 PM task4 main
WARNING: Ввели выражение 11- 12
дек. 15, 2022 9:40:49 PM task4 main
INFO: Запуск калькулятора
дек. 15, 2022 9:41:06 PM task4 main
WARNING: Ввели выражение 11 + 21
дек. 15, 2022 9:41:06 PM task4 main
INFO: результат 32.0
дек. 15, 2022 9:41:15 PM task4 main
WARNING: Ввели выражение 0
дек. 15, 2022 9:41:15 PM task4 main
INFO: Выход из калькулятора
дек. 17, 2022 11:12:04 AM task4 main
INFO: Запуск калькулятора
дек. 17, 2022 11:12:10 AM task4 main
WARNING: Ввели выражение 12 + 12
дек. 17, 2022 11:12:10 AM task4 main
INFO: результат 24.0
